<?xml version="1.0" encoding="UTF-8"?>
<!-- Generated by org.testng.reporters.JUnitReportReporter -->
<testsuite skipped="0" hostname="Alexanders-MacBook-Pro.local" name="tests.WindowTest" tests="1" failures="0" timestamp="17 Mar 2020 21:43:58 GMT" time="1.805" errors="0">
  <testcase name="windowTest" time="1.805" classname="tests.WindowTest"/>
</testsuite> <!-- tests.WindowTest -->
