<?xml version="1.0" encoding="UTF-8"?>
<!-- Generated by org.testng.reporters.JUnitReportReporter -->
<testsuite skipped="0" hostname="Alexanders-MacBook-Pro.local" name="tests.FrameTest" tests="1" failures="0" timestamp="31 Mar 2020 06:22:31 GMT" time="7.169" errors="0">
  <testcase name="frameTest" time="7.169" classname="tests.FrameTest"/>
</testsuite> <!-- tests.FrameTest -->
