<?xml version="1.0" encoding="UTF-8"?>
<!-- Generated by org.testng.reporters.JUnitReportReporter -->
<testsuite skipped="0" hostname="Alexanders-MacBook-Pro.local" name="tests.AlertsTest" tests="1" failures="0" timestamp="19 Mar 2020 08:44:08 GMT" time="2.566" errors="0">
  <testcase name="alertsTest" time="2.566" classname="tests.AlertsTest"/>
</testsuite> <!-- tests.AlertsTest -->
