<?xml version="1.0" encoding="UTF-8"?>
<!-- Generated by org.testng.reporters.JUnitReportReporter -->
<testsuite skipped="0" hostname="Alexanders-MacBook-Pro.local" name="tests.FileUploadTest" tests="1" failures="0" timestamp="17 Mar 2020 06:43:05 GMT" time="2.506" errors="0">
  <testcase name="fileUploadTest" time="2.506" classname="tests.FileUploadTest"/>
</testsuite> <!-- tests.FileUploadTest -->
