<?xml version="1.0" encoding="UTF-8"?>
<!-- Generated by org.testng.reporters.JUnitReportReporter -->
<testsuite skipped="0" hostname="Alexanders-MacBook-Pro.local" name="tests.HoverTest" tests="1" failures="0" timestamp="27 Mar 2020 16:38:58 GMT" time="3.293" errors="0">
  <testcase name="hoverTest" time="3.293" classname="tests.HoverTest"/>
</testsuite> <!-- tests.HoverTest -->
