<?xml version="1.0" encoding="UTF-8"?>
<!-- Generated by org.testng.reporters.JUnitReportReporter -->
<testsuite skipped="0" hostname="Alexanders-MacBook-Pro.local" name="tests.Calendar" tests="1" failures="0" timestamp="04 Apr 2020 07:26:38 GMT" time="4.329" errors="0">
  <testcase name="calendarTest" time="4.329" classname="tests.Calendar"/>
</testsuite> <!-- tests.Calendar -->
