<?xml version="1.0" encoding="UTF-8"?>
<!-- Generated by org.testng.reporters.JUnitReportReporter -->
<testsuite skipped="0" hostname="Alexanders-MacBook-Pro.local" name="tests.LoginTest_wrongCreds" tests="2" failures="0" timestamp="19 May 2020 09:35:19 GMT" time="16.109" errors="0">
  <testcase name="loginWithWrongCreds" time="4.356" classname="tests.LoginTest_wrongCreds"/>
  <testcase name="loginWithWrongCreds" time="11.753" classname="tests.LoginTest_wrongCreds"/>
</testsuite> <!-- tests.LoginTest_wrongCreds -->
