<?xml version="1.0" encoding="UTF-8"?>
<!-- Generated by org.testng.reporters.JUnitReportReporter -->
<testsuite skipped="0" hostname="Alexanders-MacBook-Pro.local" name="tests.LoginTest_wrongCreds" tests="2" failures="0" timestamp="09 Mar 2020 10:20:34 GMT" time="5.404" errors="0">
  <testcase name="loginWithWrongCreds" time="2.324" classname="tests.LoginTest_wrongCreds"/>
  <testcase name="loginWithWrongCreds" time="3.080" classname="tests.LoginTest_wrongCreds"/>
</testsuite> <!-- tests.LoginTest_wrongCreds -->
