<?xml version="1.0" encoding="UTF-8"?>
<!-- Generated by org.testng.reporters.JUnitReportReporter -->
<testsuite skipped="0" hostname="Alexanders-MacBook-Pro.local" name="tests.LoginTest" tests="3" failures="0" timestamp="01 Apr 2020 19:48:38 GMT" time="7.765" errors="0">
  <testcase name="loginTest" time="2.622" classname="tests.LoginTest"/>
  <testcase name="loginTest" time="2.617" classname="tests.LoginTest"/>
  <testcase name="loginTest" time="2.526" classname="tests.LoginTest"/>
</testsuite> <!-- tests.LoginTest -->
