<?xml version="1.0" encoding="UTF-8"?>
<!-- Generated by org.testng.reporters.JUnitReportReporter -->
<testsuite skipped="0" hostname="Alexanders-MacBook-Pro.local" name="tests.LoginTest" tests="1" failures="0" timestamp="15 May 2020 16:40:23 GMT" time="3.214" errors="0">
  <testcase name="loginTest" time="3.214" classname="tests.LoginTest"/>
</testsuite> <!-- tests.LoginTest -->
