<?xml version="1.0" encoding="UTF-8"?>
<!-- Generated by org.testng.reporters.JUnitReportReporter -->
<testsuite skipped="0" hostname="Alexanders-MacBook-Pro.local" name="tests.WindowTest" tests="1" failures="0" timestamp="23 Mar 2020 21:41:20 GMT" time="2.140" errors="0">
  <testcase name="windowTest" time="2.140" classname="tests.WindowTest"/>
</testsuite> <!-- tests.WindowTest -->
