<?xml version="1.0" encoding="UTF-8"?>
<!-- Generated by org.testng.reporters.JUnitReportReporter -->
<testsuite skipped="0" hostname="Alexanders-MacBook-Pro.local" name="tests.DynamicLoadingTest" tests="2" failures="0" timestamp="04 Apr 2020 20:12:40 GMT" time="13.069" errors="0">
  <testcase name="renderedElementTest" time="5.753" classname="tests.DynamicLoadingTest"/>
  <testcase name="hiddenElementTest" time="7.316" classname="tests.DynamicLoadingTest"/>
</testsuite> <!-- tests.DynamicLoadingTest -->
