<?xml version="1.0" encoding="UTF-8"?>
<!-- Generated by org.testng.reporters.JUnitReportReporter -->
<testsuite skipped="0" hostname="Alexanders-MacBook-Pro.local" name="tests.LoginTest" tests="1" failures="0" timestamp="17 Mar 2020 08:25:35 GMT" time="2.540" errors="0">
  <testcase name="loginTest" time="2.540" classname="tests.LoginTest"/>
</testsuite> <!-- tests.LoginTest -->
