<?xml version="1.0" encoding="UTF-8"?>
<!-- Generated by org.testng.reporters.JUnitReportReporter -->
<testsuite skipped="0" hostname="Alexanders-MacBook-Pro.local" name="tests.DragAndDropTest" tests="1" failures="0" timestamp="24 Mar 2020 08:50:13 GMT" time="1.802" errors="0">
  <testcase name="dragAndDropTest" time="1.802" classname="tests.DragAndDropTest"/>
</testsuite> <!-- tests.DragAndDropTest -->
