<?xml version="1.0" encoding="UTF-8"?>
<!-- Generated by org.testng.reporters.JUnitReportReporter -->
<testsuite skipped="0" hostname="Alexanders-MacBook-Pro.local" name="tests.WindowsTest" tests="1" failures="0" timestamp="24 Mar 2020 08:17:24 GMT" time="2.084" errors="0">
  <testcase name="windowsTest" time="2.084" classname="tests.WindowsTest"/>
</testsuite> <!-- tests.WindowsTest -->
