<?xml version="1.0" encoding="UTF-8"?>
<!-- Generated by org.testng.reporters.JUnitReportReporter -->
<testsuite skipped="0" hostname="Alexanders-MacBook-Pro.local" name="tests.ShopTest" tests="1" failures="0" timestamp="19 May 2020 20:28:11 GMT" time="3.253" errors="0">
  <testcase name="shopTest" time="3.253" classname="tests.ShopTest"/>
</testsuite> <!-- tests.ShopTest -->
