<?xml version="1.0" encoding="UTF-8"?>
<!-- Generated by org.testng.reporters.JUnitReportReporter -->
<testsuite skipped="0" hostname="Alexanders-MacBook-Pro.local" name="tests.LoginTest_wrongCreds" tests="2" failures="0" timestamp="15 May 2020 16:40:23 GMT" time="5.417" errors="0">
  <testcase name="loginWithWrongCreds" time="2.653" classname="tests.LoginTest_wrongCreds"/>
  <testcase name="loginWithWrongCreds" time="2.764" classname="tests.LoginTest_wrongCreds"/>
</testsuite> <!-- tests.LoginTest_wrongCreds -->
