<?xml version="1.0" encoding="UTF-8"?>
<!-- Generated by org.testng.reporters.JUnitReportReporter -->
<testsuite skipped="0" hostname="Alexanders-MacBook-Pro.local" name="tests.CheckCheckbox" tests="1" failures="0" timestamp="17 Mar 2020 08:25:35 GMT" time="2.007" errors="0">
  <testcase name="checkCheckbox" time="2.007" classname="tests.CheckCheckbox"/>
</testsuite> <!-- tests.CheckCheckbox -->
