<?xml version="1.0" encoding="UTF-8"?>
<!-- Generated by org.testng.reporters.JUnitReportReporter -->
<testsuite skipped="0" hostname="Alexanders-MacBook-Pro.local" name="tests.AlertTest" tests="1" failures="0" timestamp="17 Mar 2020 21:21:30 GMT" time="2.511" errors="0">
  <testcase name="alertsTest" time="2.511" classname="tests.AlertTest"/>
</testsuite> <!-- tests.AlertTest -->
