<?xml version="1.0" encoding="UTF-8"?>
<!-- Generated by org.testng.reporters.JUnitReportReporter -->
<testsuite skipped="0" hostname="Alexanders-MacBook-Pro.local" name="tests.LoginTest_wrongCreds" tests="2" failures="0" timestamp="15 May 2020 14:49:39 GMT" time="6.010" errors="0">
  <testcase name="loginWithWrongCreds" time="2.844" classname="tests.LoginTest_wrongCreds"/>
  <testcase name="loginWithWrongCreds" time="3.166" classname="tests.LoginTest_wrongCreds"/>
</testsuite> <!-- tests.LoginTest_wrongCreds -->
