<?xml version="1.0" encoding="UTF-8"?>
<!-- Generated by org.testng.reporters.JUnitReportReporter -->
<testsuite skipped="0" hostname="Alexanders-MacBook-Pro.local" name="tests.LoginTest" tests="1" failures="0" timestamp="15 May 2020 14:49:39 GMT" time="5.580" errors="0">
  <testcase name="loginTest" time="5.580" classname="tests.LoginTest"/>
</testsuite> <!-- tests.LoginTest -->
