<?xml version="1.0" encoding="UTF-8"?>
<!-- Generated by org.testng.reporters.JUnitReportReporter -->
<testsuite skipped="0" hostname="Alexanders-MacBook-Pro.local" name="tests.LoginTest" tests="1" failures="0" timestamp="08 Mar 2020 15:19:54 GMT" time="2.696" errors="0">
  <testcase name="loginTest" time="2.696" classname="tests.LoginTest"/>
</testsuite> <!-- tests.LoginTest -->
