<?xml version="1.0" encoding="UTF-8"?>
<!-- Generated by org.testng.reporters.JUnitReportReporter -->
<testsuite skipped="0" hostname="Alexanders-MacBook-Pro.local" name="tests.ScrollTest" tests="1" failures="0" timestamp="24 Mar 2020 05:46:41 GMT" time="1.401" errors="0">
  <testcase name="scrollTest" time="1.401" classname="tests.ScrollTest"/>
</testsuite> <!-- tests.ScrollTest -->
