<?xml version="1.0" encoding="UTF-8"?>
<!-- Generated by org.testng.reporters.JUnitReportReporter -->
<testsuite skipped="0" hostname="Alexanders-MacBook-Pro.local" name="tests.LoginTest_wrongCreds" tests="2" failures="0" timestamp="09 Mar 2020 09:38:40 GMT" time="16.236" errors="0">
  <testcase name="loginWithWrongCreds" time="11.937" classname="tests.LoginTest_wrongCreds"/>
  <testcase name="loginWithWrongCreds" time="4.299" classname="tests.LoginTest_wrongCreds"/>
</testsuite> <!-- tests.LoginTest_wrongCreds -->
