<?xml version="1.0" encoding="UTF-8"?>
<!-- Generated by org.testng.reporters.JUnitReportReporter -->
<testsuite skipped="0" hostname="Alexanders-MacBook-Pro.local" name="tests.LoginTest" tests="1" failures="0" timestamp="18 May 2020 11:17:05 GMT" time="9.898" errors="0">
  <testcase name="loginTest" time="9.898" classname="tests.LoginTest"/>
</testsuite> <!-- tests.LoginTest -->
