<?xml version="1.0" encoding="UTF-8"?>
<!-- Generated by org.testng.reporters.JUnitReportReporter -->
<testsuite skipped="0" hostname="Alexanders-MacBook-Pro.local" name="tests.DropDownTest" tests="1" failures="0" timestamp="17 Mar 2020 18:18:10 GMT" time="2.837" errors="0">
  <testcase name="dropDownTest" time="2.837" classname="tests.DropDownTest"/>
</testsuite> <!-- tests.DropDownTest -->
