<?xml version="1.0" encoding="UTF-8"?>
<!-- Generated by org.testng.reporters.JUnitReportReporter -->
<testsuite skipped="0" hostname="Alexanders-MacBook-Pro.local" name="tests.LoginTest" tests="2" failures="0" timestamp="04 Apr 2020 06:49:51 GMT" time="5.475" errors="0">
  <testcase name="loginTest" time="2.868" classname="tests.LoginTest"/>
  <testcase name="loginTest" time="2.607" classname="tests.LoginTest"/>
</testsuite> <!-- tests.LoginTest -->
