<?xml version="1.0" encoding="UTF-8"?>
<!-- Generated by org.testng.reporters.JUnitReportReporter -->
<testsuite skipped="0" hostname="Alexanders-MacBook-Pro.local" name="tests.LoginTest_wrongCreds" tests="2" failures="0" timestamp="19 May 2020 07:16:35 GMT" time="8.161" errors="0">
  <testcase name="loginWithWrongCreds" time="4.066" classname="tests.LoginTest_wrongCreds"/>
  <testcase name="loginWithWrongCreds" time="4.095" classname="tests.LoginTest_wrongCreds"/>
</testsuite> <!-- tests.LoginTest_wrongCreds -->
