<?xml version="1.0" encoding="UTF-8"?>
<!-- Generated by org.testng.reporters.JUnitReportReporter -->
<testsuite skipped="0" hostname="Alexanders-MacBook-Pro.local" name="tests.LoginTest" tests="2" failures="0" timestamp="01 Apr 2020 15:08:21 GMT" time="8.452" errors="0">
  <testcase name="loginTest" time="4.414" classname="tests.LoginTest"/>
  <testcase name="loginTest" time="4.038" classname="tests.LoginTest"/>
</testsuite> <!-- tests.LoginTest -->
