<?xml version="1.0" encoding="UTF-8"?>
<!-- Generated by org.testng.reporters.JUnitReportReporter -->
<testsuite skipped="0" hostname="Alexanders-MacBook-Pro.local" name="tests.LoginTest" tests="1" failures="0" timestamp="17 Mar 2020 04:22:31 GMT" time="3.134" errors="0">
  <testcase name="loginTest" time="3.134" classname="tests.LoginTest"/>
</testsuite> <!-- tests.LoginTest -->
