<?xml version="1.0" encoding="UTF-8"?>
<!-- Generated by org.testng.reporters.JUnitReportReporter -->
<testsuite skipped="0" hostname="Alexanders-MacBook-Pro.local" name="tests.CssTest" tests="1" failures="0" timestamp="09 May 2020 08:00:03 GMT" time="3.518" errors="0">
  <testcase name="cssTest" time="3.518" classname="tests.CssTest"/>
</testsuite> <!-- tests.CssTest -->
