<?xml version="1.0" encoding="UTF-8"?>
<!-- Generated by org.testng.reporters.JUnitReportReporter -->
<testsuite skipped="0" hostname="Alexanders-MacBook-Pro.local" name="tests.LoginTest" tests="1" failures="0" timestamp="09 Mar 2020 09:38:40 GMT" time="4.084" errors="0">
  <testcase name="loginTest" time="4.084" classname="tests.LoginTest"/>
</testsuite> <!-- tests.LoginTest -->
