<?xml version="1.0" encoding="UTF-8"?>
<!-- Generated by org.testng.reporters.JUnitReportReporter -->
<testsuite skipped="0" hostname="Alexanders-MacBook-Pro.local" name="tests.HoversTest" tests="1" failures="0" timestamp="27 Mar 2020 04:35:11 GMT" time="2.171" errors="0">
  <testcase name="hoversTest" time="2.171" classname="tests.HoversTest"/>
</testsuite> <!-- tests.HoversTest -->
