<?xml version="1.0" encoding="UTF-8"?>
<!-- Generated by org.testng.reporters.JUnitReportReporter -->
<testsuite skipped="0" hostname="Alexanders-MacBook-Pro.local" name="tests.LoginTest" tests="1" failures="0" timestamp="01 Apr 2020 14:05:03 GMT" time="19.873" errors="0">
  <testcase name="loginTest" time="19.873" classname="tests.LoginTest"/>
</testsuite> <!-- tests.LoginTest -->
