<?xml version="1.0" encoding="UTF-8"?>
<!-- Generated by org.testng.reporters.JUnitReportReporter -->
<testsuite skipped="0" hostname="Alexanders-MacBook-Pro.local" name="tests.LoginTest_wrongCreds" tests="2" failures="0" timestamp="18 May 2020 16:24:57 GMT" time="25.272" errors="0">
  <testcase name="loginWithWrongCreds" time="13.708" classname="tests.LoginTest_wrongCreds"/>
  <testcase name="loginWithWrongCreds" time="11.564" classname="tests.LoginTest_wrongCreds"/>
</testsuite> <!-- tests.LoginTest_wrongCreds -->
