<?xml version="1.0" encoding="UTF-8"?>
<!-- Generated by org.testng.reporters.JUnitReportReporter -->
<testsuite skipped="0" hostname="Alexanders-MacBook-Pro.local" name="tests.CheckBoxesTest" tests="1" failures="0" timestamp="17 Mar 2020 05:17:40 GMT" time="2.268" errors="0">
  <testcase name="checkBothCheckboxes" time="2.268" classname="tests.CheckBoxesTest"/>
</testsuite> <!-- tests.CheckBoxesTest -->
