<?xml version="1.0" encoding="UTF-8"?>
<!-- Generated by org.testng.reporters.JUnitReportReporter -->
<testsuite skipped="0" hostname="Alexanders-MacBook-Pro.local" name="tests.LoginTest" tests="1" failures="0" timestamp="09 Mar 2020 11:08:50 GMT" time="2.989" errors="0">
  <testcase name="loginTest" time="2.989" classname="tests.LoginTest"/>
</testsuite> <!-- tests.LoginTest -->
