<?xml version="1.0" encoding="UTF-8"?>
<!-- Generated by org.testng.reporters.JUnitReportReporter -->
<testsuite skipped="0" hostname="Alexanders-MacBook-Pro.local" name="tests.LoginTest_wrongCreds" tests="2" failures="0" timestamp="09 Mar 2020 10:13:12 GMT" time="4.646" errors="0">
  <testcase name="loginWithWrongCreds" time="2.278" classname="tests.LoginTest_wrongCreds"/>
  <testcase name="loginWithWrongCreds" time="2.368" classname="tests.LoginTest_wrongCreds"/>
</testsuite> <!-- tests.LoginTest_wrongCreds -->
