<?xml version="1.0" encoding="UTF-8"?>
<!-- Generated by org.testng.reporters.JUnitReportReporter -->
<testsuite skipped="0" hostname="Alexanders-MacBook-Pro.local" name="tests.DragAndDropTest" tests="1" failures="0" timestamp="11 May 2020 15:35:24 GMT" time="5.598" errors="0">
  <testcase name="dragAndDropTest" time="5.598" classname="tests.DragAndDropTest"/>
</testsuite> <!-- tests.DragAndDropTest -->
