<?xml version="1.0" encoding="UTF-8"?>
<!-- Generated by org.testng.reporters.JUnitReportReporter -->
<testsuite skipped="0" hostname="Alexanders-MacBook-Pro.local" name="tests.FileUploadTest" tests="1" failures="0" timestamp="17 Mar 2020 18:28:12 GMT" time="3.739" errors="0">
  <testcase name="fileUploadTest" time="3.739" classname="tests.FileUploadTest"/>
</testsuite> <!-- tests.FileUploadTest -->
