<?xml version="1.0" encoding="UTF-8"?>
<!-- Generated by org.testng.reporters.JUnitReportReporter -->
<testsuite skipped="0" hostname="Alexanders-MacBook-Pro.local" name="tests.HoversTest" tests="1" failures="0" timestamp="24 Mar 2020 06:56:00 GMT" time="2.345" errors="0">
  <testcase name="hoversTest" time="2.345" classname="tests.HoversTest"/>
</testsuite> <!-- tests.HoversTest -->
