<?xml version="1.0" encoding="UTF-8"?>
<!-- Generated by org.testng.reporters.JUnitReportReporter -->
<testsuite skipped="0" hostname="Alexanders-MacBook-Pro.local" name="tests.LoginTest_wrongCreds" tests="2" failures="0" timestamp="26 May 2020 16:50:13 GMT" time="13.628" errors="0">
  <testcase name="loginWithWrongCreds" time="7.238" classname="tests.LoginTest_wrongCreds"/>
  <testcase name="loginWithWrongCreds" time="6.390" classname="tests.LoginTest_wrongCreds"/>
</testsuite> <!-- tests.LoginTest_wrongCreds -->
