<?xml version="1.0" encoding="UTF-8"?>
<!-- Generated by org.testng.reporters.JUnitReportReporter -->
<testsuite skipped="0" hostname="Alexanders-MacBook-Pro.local" name="tests.LoginTest_wrongCreds" tests="2" failures="0" timestamp="27 May 2020 13:10:34 GMT" time="16.881" errors="0">
  <testcase name="loginWithWrongCreds" time="13.573" classname="tests.LoginTest_wrongCreds"/>
  <testcase name="loginWithWrongCreds" time="3.308" classname="tests.LoginTest_wrongCreds"/>
</testsuite> <!-- tests.LoginTest_wrongCreds -->
