<?xml version="1.0" encoding="UTF-8"?>
<!-- Generated by org.testng.reporters.JUnitReportReporter -->
<testsuite skipped="0" hostname="Alexanders-MacBook-Pro.local" name="tests.LoginTest_wrongCreds" tests="2" failures="0" timestamp="26 May 2020 15:07:13 GMT" time="20.679" errors="0">
  <testcase name="loginWithWrongCreds" time="8.663" classname="tests.LoginTest_wrongCreds"/>
  <testcase name="loginWithWrongCreds" time="12.016" classname="tests.LoginTest_wrongCreds"/>
</testsuite> <!-- tests.LoginTest_wrongCreds -->
